<?xml version="1.0" encoding="UTF-8"?>
<coverage generated="1771672300154" clover="3.2.0">
  <project timestamp="1771672300155" name="All files">
    <metrics statements="65" coveredstatements="61" conditionals="46" coveredconditionals="39" methods="24" coveredmethods="18" elements="135" coveredelements="118" complexity="0" loc="65" ncloc="65" packages="23" files="26" classes="26"/>
    <package name="react-redux">
      <metrics statements="0" coveredstatements="0" conditionals="0" coveredconditionals="0" methods="0" coveredmethods="0"/>
      <file name="counter-app" path="C:\Users\s1119\Desktop\Interview Kit\react-redux\counter-app">
        <metrics statements="0" coveredstatements="0" conditionals="0" coveredconditionals="0" methods="0" coveredmethods="0"/>
      </file>
    </package>
    <package name="react-redux.counter-app..storybook">
      <metrics statements="1" coveredstatements="1" conditionals="0" coveredconditionals="0" methods="0" coveredmethods="0"/>
      <file name="preview.ts" path="C:\Users\s1119\Desktop\Interview Kit\react-redux\counter-app\.storybook\preview.ts">
        <metrics statements="1" coveredstatements="1" conditionals="0" coveredconditionals="0" methods="0" coveredmethods="0"/>
        <line num="3" count="9" type="stmt"/>
      </file>
    </package>
    <package name="react-redux.counter-app.src.stories.content">
      <metrics statements="10" coveredstatements="8" conditionals="4" coveredconditionals="1" methods="6" coveredmethods="3"/>
      <file name="SlatContent.tsx" path="C:\Users\s1119\Desktop\Interview Kit\react-redux\counter-app\src\stories\content\SlatContent.tsx">
        <metrics statements="10" coveredstatements="8" conditionals="4" coveredconditionals="1" methods="6" coveredmethods="3"/>
        <line num="1" count="1" type="stmt"/>
        <line num="14" count="1" type="stmt"/>
        <line num="15" count="1" type="stmt"/>
        <line num="17" count="1" type="stmt"/>
        <line num="18" count="0" type="cond" truecount="0" falsecount="2"/>
        <line num="21" count="1" type="stmt"/>
        <line num="24" count="3" type="stmt"/>
        <line num="26" count="3" type="stmt"/>
        <line num="35" count="0" type="stmt"/>
        <line num="47" count="9" type="stmt"/>
      </file>
    </package>
    <package name="react-redux.counter-app.src.stories.headers">
      <metrics statements="7" coveredstatements="6" conditionals="7" coveredconditionals="6" methods="4" coveredmethods="2"/>
      <file name="Header.tsx" path="C:\Users\s1119\Desktop\Interview Kit\react-redux\counter-app\src\stories\headers\Header.tsx">
        <metrics statements="7" coveredstatements="6" conditionals="7" coveredconditionals="6" methods="4" coveredmethods="2"/>
        <line num="4" count="1" type="cond" truecount="4" falsecount="1"/>
        <line num="18" count="1" type="stmt"/>
        <line num="19" count="2" type="stmt"/>
        <line num="20" count="2" type="stmt"/>
        <line num="21" count="0" type="stmt"/>
        <line num="23" count="2" type="stmt"/>
        <line num="27" count="1" type="cond" truecount="2" falsecount="0"/>
      </file>
      <file name="header.css" path="C:\Users\s1119\Desktop\Interview Kit\react-redux\counter-app\src\stories\headers\header.css">
        <metrics statements="0" coveredstatements="0" conditionals="0" coveredconditionals="0" methods="0" coveredmethods="0"/>
      </file>
    </package>
    <package name="react-redux.counter-app.src.stories.sidebar">
      <metrics statements="4" coveredstatements="4" conditionals="1" coveredconditionals="1" methods="1" coveredmethods="1"/>
      <file name="Sidebar.tsx" path="C:\Users\s1119\Desktop\Interview Kit\react-redux\counter-app\src\stories\sidebar\Sidebar.tsx">
        <metrics statements="4" coveredstatements="4" conditionals="1" coveredconditionals="1" methods="1" coveredmethods="1"/>
        <line num="1" count="1" type="stmt"/>
        <line num="11" count="1" type="stmt"/>
        <line num="16" count="2" type="stmt"/>
        <line num="22" count="1" type="stmt"/>
      </file>
    </package>
    <package name="react-redux.counter-app.src.ui.components.alert">
      <metrics statements="0" coveredstatements="0" conditionals="0" coveredconditionals="0" methods="0" coveredmethods="0"/>
      <file name="index.ts" path="C:\Users\s1119\Desktop\Interview Kit\react-redux\counter-app\src\ui\components\alert\index.ts">
        <metrics statements="0" coveredstatements="0" conditionals="0" coveredconditionals="0" methods="0" coveredmethods="0"/>
      </file>
    </package>
    <package name="react-redux.counter-app.src.ui.components.alert.components">
      <metrics statements="4" coveredstatements="4" conditionals="8" coveredconditionals="6" methods="1" coveredmethods="1"/>
      <file name="Alert.tsx" path="C:\Users\s1119\Desktop\Interview Kit\react-redux\counter-app\src\ui\components\alert\components\Alert.tsx">
        <metrics statements="4" coveredstatements="4" conditionals="8" coveredconditionals="6" methods="1" coveredmethods="1"/>
        <line num="1" count="1" type="stmt"/>
        <line num="14" count="1" type="stmt"/>
        <line num="23" count="6" type="stmt"/>
        <line num="33" count="1" type="stmt"/>
      </file>
    </package>
    <package name="react-redux.counter-app.src.ui.components.alert.constants">
      <metrics statements="2" coveredstatements="2" conditionals="0" coveredconditionals="0" methods="0" coveredmethods="0"/>
      <file name="alert.constant.ts" path="C:\Users\s1119\Desktop\Interview Kit\react-redux\counter-app\src\ui\components\alert\constants\alert.constant.ts">
        <metrics statements="2" coveredstatements="2" conditionals="0" coveredconditionals="0" methods="0" coveredmethods="0"/>
        <line num="1" count="1" type="stmt"/>
        <line num="2" count="1" type="stmt"/>
      </file>
    </package>
    <package name="react-redux.counter-app.src.ui.components.alert.enums">
      <metrics statements="5" coveredstatements="5" conditionals="2" coveredconditionals="2" methods="1" coveredmethods="1"/>
      <file name="alert.enum.ts" path="C:\Users\s1119\Desktop\Interview Kit\react-redux\counter-app\src\ui\components\alert\enums\alert.enum.ts">
        <metrics statements="5" coveredstatements="5" conditionals="2" coveredconditionals="2" methods="1" coveredmethods="1"/>
        <line num="1" count="1" type="cond" truecount="2" falsecount="0"/>
        <line num="2" count="1" type="stmt"/>
        <line num="3" count="1" type="stmt"/>
        <line num="4" count="1" type="stmt"/>
        <line num="5" count="1" type="stmt"/>
      </file>
    </package>
    <package name="react-redux.counter-app.src.ui.components.alert.interface">
      <metrics statements="1" coveredstatements="1" conditionals="0" coveredconditionals="0" methods="0" coveredmethods="0"/>
      <file name="alert.interface.ts" path="C:\Users\s1119\Desktop\Interview Kit\react-redux\counter-app\src\ui\components\alert\interface\alert.interface.ts">
        <metrics statements="1" coveredstatements="1" conditionals="0" coveredconditionals="0" methods="0" coveredmethods="0"/>
        <line num="1" count="1" type="stmt"/>
      </file>
    </package>
    <package name="react-redux.counter-app.src.ui.components.alert.styles">
      <metrics statements="1" coveredstatements="1" conditionals="2" coveredconditionals="2" methods="1" coveredmethods="1"/>
      <file name="alert.styles.ts" path="C:\Users\s1119\Desktop\Interview Kit\react-redux\counter-app\src\ui\components\alert\styles\alert.styles.ts">
        <metrics statements="1" coveredstatements="1" conditionals="2" coveredconditionals="2" methods="1" coveredmethods="1"/>
        <line num="4" count="6" type="stmt"/>
      </file>
    </package>
    <package name="react-redux.counter-app.src.ui.components.button">
      <metrics statements="0" coveredstatements="0" conditionals="0" coveredconditionals="0" methods="0" coveredmethods="0"/>
      <file name="index.ts" path="C:\Users\s1119\Desktop\Interview Kit\react-redux\counter-app\src\ui\components\button\index.ts">
        <metrics statements="0" coveredstatements="0" conditionals="0" coveredconditionals="0" methods="0" coveredmethods="0"/>
      </file>
    </package>
    <package name="react-redux.counter-app.src.ui.components.button.components">
      <metrics statements="4" coveredstatements="4" conditionals="6" coveredconditionals="6" methods="1" coveredmethods="1"/>
      <file name="Button.tsx" path="C:\Users\s1119\Desktop\Interview Kit\react-redux\counter-app\src\ui\components\button\components\Button.tsx">
        <metrics statements="4" coveredstatements="4" conditionals="6" coveredconditionals="6" methods="1" coveredmethods="1"/>
        <line num="1" count="1" type="stmt"/>
        <line num="8" count="1" type="stmt"/>
        <line num="17" count="4" type="stmt"/>
        <line num="18" count="1" type="stmt"/>
      </file>
    </package>
    <package name="react-redux.counter-app.src.ui.components.button.constants">
      <metrics statements="2" coveredstatements="2" conditionals="0" coveredconditionals="0" methods="0" coveredmethods="0"/>
      <file name="button.constant.ts" path="C:\Users\s1119\Desktop\Interview Kit\react-redux\counter-app\src\ui\components\button\constants\button.constant.ts">
        <metrics statements="2" coveredstatements="2" conditionals="0" coveredconditionals="0" methods="0" coveredmethods="0"/>
        <line num="1" count="1" type="stmt"/>
        <line num="3" count="1" type="stmt"/>
      </file>
    </package>
    <package name="react-redux.counter-app.src.ui.components.button.enums">
      <metrics statements="1" coveredstatements="1" conditionals="0" coveredconditionals="0" methods="0" coveredmethods="0"/>
      <file name="button.enum.ts" path="C:\Users\s1119\Desktop\Interview Kit\react-redux\counter-app\src\ui\components\button\enums\button.enum.ts">
        <metrics statements="1" coveredstatements="1" conditionals="0" coveredconditionals="0" methods="0" coveredmethods="0"/>
        <line num="1" count="1" type="stmt"/>
      </file>
    </package>
    <package name="react-redux.counter-app.src.ui.components.button.interface">
      <metrics statements="1" coveredstatements="1" conditionals="0" coveredconditionals="0" methods="0" coveredmethods="0"/>
      <file name="button.interface.ts" path="C:\Users\s1119\Desktop\Interview Kit\react-redux\counter-app\src\ui\components\button\interface\button.interface.ts">
        <metrics statements="1" coveredstatements="1" conditionals="0" coveredconditionals="0" methods="0" coveredmethods="0"/>
        <line num="1" count="1" type="stmt"/>
      </file>
    </package>
    <package name="react-redux.counter-app.src.ui.components.button.styles">
      <metrics statements="2" coveredstatements="2" conditionals="0" coveredconditionals="0" methods="1" coveredmethods="1"/>
      <file name="button.styles.ts" path="C:\Users\s1119\Desktop\Interview Kit\react-redux\counter-app\src\ui\components\button\styles\button.styles.ts">
        <metrics statements="2" coveredstatements="2" conditionals="0" coveredconditionals="0" methods="1" coveredmethods="1"/>
        <line num="5" count="1" type="stmt"/>
        <line num="9" count="4" type="stmt"/>
      </file>
    </package>
    <package name="react-redux.counter-app.src.ui.components.input">
      <metrics statements="0" coveredstatements="0" conditionals="0" coveredconditionals="0" methods="0" coveredmethods="0"/>
      <file name="index.ts" path="C:\Users\s1119\Desktop\Interview Kit\react-redux\counter-app\src\ui\components\input\index.ts">
        <metrics statements="0" coveredstatements="0" conditionals="0" coveredconditionals="0" methods="0" coveredmethods="0"/>
      </file>
    </package>
    <package name="react-redux.counter-app.src.ui.components.input.components">
      <metrics statements="4" coveredstatements="4" conditionals="5" coveredconditionals="5" methods="1" coveredmethods="1"/>
      <file name="Input.tsx" path="C:\Users\s1119\Desktop\Interview Kit\react-redux\counter-app\src\ui\components\input\components\Input.tsx">
        <metrics statements="4" coveredstatements="4" conditionals="5" coveredconditionals="5" methods="1" coveredmethods="1"/>
        <line num="1" count="2" type="stmt"/>
        <line num="8" count="2" type="stmt"/>
        <line num="20" count="4" type="stmt"/>
        <line num="21" count="2" type="stmt"/>
      </file>
      <file name="index.ts" path="C:\Users\s1119\Desktop\Interview Kit\react-redux\counter-app\src\ui\components\input\components\index.ts">
        <metrics statements="0" coveredstatements="0" conditionals="0" coveredconditionals="0" methods="0" coveredmethods="0"/>
      </file>
    </package>
    <package name="react-redux.counter-app.src.ui.components.input.constants">
      <metrics statements="2" coveredstatements="2" conditionals="0" coveredconditionals="0" methods="0" coveredmethods="0"/>
      <file name="input.constants.ts" path="C:\Users\s1119\Desktop\Interview Kit\react-redux\counter-app\src\ui\components\input\constants\input.constants.ts">
        <metrics statements="2" coveredstatements="2" conditionals="0" coveredconditionals="0" methods="0" coveredmethods="0"/>
        <line num="1" count="2" type="stmt"/>
        <line num="2" count="2" type="stmt"/>
      </file>
    </package>
    <package name="react-redux.counter-app.src.ui.components.input.enums">
      <metrics statements="4" coveredstatements="4" conditionals="2" coveredconditionals="2" methods="1" coveredmethods="1"/>
      <file name="input.enum.ts" path="C:\Users\s1119\Desktop\Interview Kit\react-redux\counter-app\src\ui\components\input\enums\input.enum.ts">
        <metrics statements="4" coveredstatements="4" conditionals="2" coveredconditionals="2" methods="1" coveredmethods="1"/>
        <line num="1" count="2" type="cond" truecount="2" falsecount="0"/>
        <line num="2" count="2" type="stmt"/>
        <line num="3" count="2" type="stmt"/>
        <line num="4" count="2" type="stmt"/>
      </file>
    </package>
    <package name="react-redux.counter-app.src.ui.components.input.styles">
      <metrics statements="1" coveredstatements="1" conditionals="2" coveredconditionals="2" methods="1" coveredmethods="1"/>
      <file name="input.styles.ts" path="C:\Users\s1119\Desktop\Interview Kit\react-redux\counter-app\src\ui\components\input\styles\input.styles.ts">
        <metrics statements="1" coveredstatements="1" conditionals="2" coveredconditionals="2" methods="1" coveredmethods="1"/>
        <line num="4" count="4" type="stmt"/>
      </file>
    </package>
    <package name="react-redux.counter-app.src.ui.components.tabs">
      <metrics statements="9" coveredstatements="8" conditionals="7" coveredconditionals="6" methods="5" coveredmethods="4"/>
      <file name="Tabs.tsx" path="C:\Users\s1119\Desktop\Interview Kit\react-redux\counter-app\src\ui\components\tabs\Tabs.tsx">
        <metrics statements="9" coveredstatements="8" conditionals="7" coveredconditionals="6" methods="5" coveredmethods="4"/>
        <line num="1" count="2" type="cond" truecount="4" falsecount="1"/>
        <line num="13" count="8" type="stmt"/>
        <line num="15" count="8" type="stmt"/>
        <line num="23" count="2" type="cond" truecount="2" falsecount="0"/>
        <line num="29" count="8" type="stmt"/>
        <line num="36" count="4" type="stmt"/>
        <line num="38" count="4" type="stmt"/>
        <line num="39" count="0" type="stmt"/>
        <line num="42" count="4" type="stmt"/>
      </file>
      <file name="index.ts" path="C:\Users\s1119\Desktop\Interview Kit\react-redux\counter-app\src\ui\components\tabs\index.ts">
        <metrics statements="0" coveredstatements="0" conditionals="0" coveredconditionals="0" methods="0" coveredmethods="0"/>
      </file>
    </package>
  </project>
</coverage>
