{"C:\\Users\\s1119\\Desktop\\Interview Kit\\react-redux\\counter-app": {"path":"C:\\Users\\s1119\\Desktop\\Interview Kit\\react-redux\\counter-app","statementMap":{},"fnMap":{},"branchMap":{},"s":{},"f":{},"b":{},"meta":{"lastBranch":0,"lastFunction":0,"lastStatement":0,"seen":{}}}
,"C:\\Users\\s1119\\Desktop\\Interview Kit\\react-redux\\counter-app\\.storybook\\preview.ts": {"path":"C:\\Users\\s1119\\Desktop\\Interview Kit\\react-redux\\counter-app\\.storybook\\preview.ts","statementMap":{"0":{"start":{"line":3,"column":25},"end":{"line":12,"column":null}}},"fnMap":{},"branchMap":{},"s":{"0":9},"f":{},"b":{},"meta":{"lastBranch":0,"lastFunction":0,"lastStatement":1,"seen":{"s:3:25:12:Infinity":0}}}
,"C:\\Users\\s1119\\Desktop\\Interview Kit\\react-redux\\counter-app\\src\\stories\\content\\SlatContent.tsx": {"path":"C:\\Users\\s1119\\Desktop\\Interview Kit\\react-redux\\counter-app\\src\\stories\\content\\SlatContent.tsx","statementMap":{"0":{"start":{"line":47,"column":18},"end":{"line":47,"column":19}},"1":{"start":{"line":1,"column":18},"end":{"line":1,"column":null}},"2":{"start":{"line":14,"column":48},"end":{"line":65,"column":null}},"3":{"start":{"line":15,"column":30},"end":{"line":15,"column":null}},"4":{"start":{"line":17,"column":23},"end":{"line":19,"column":null}},"5":{"start":{"line":18,"column":4},"end":{"line":18,"column":null}},"6":{"start":{"line":18,"column":25},"end":{"line":18,"column":49}},"7":{"start":{"line":21,"column":2},"end":{"line":63,"column":null}},"8":{"start":{"line":24,"column":23},"end":{"line":24,"column":null}},"9":{"start":{"line":26,"column":8},"end":{"line":60,"column":null}},"10":{"start":{"line":35,"column":29},"end":{"line":35,"column":null}},"11":{"start":{"line":47,"column":18},"end":{"line":49,"column":null}}},"fnMap":{"0":{"name":"(anonymous_0)","decl":{"start":{"line":14,"column":48},"end":{"line":14,"column":49}},"loc":{"start":{"line":14,"column":62},"end":{"line":65,"column":null}},"line":14},"1":{"name":"(anonymous_1)","decl":{"start":{"line":17,"column":23},"end":{"line":17,"column":24}},"loc":{"start":{"line":17,"column":48},"end":{"line":19,"column":null}},"line":17},"2":{"name":"(anonymous_2)","decl":{"start":{"line":18,"column":14},"end":{"line":18,"column":15}},"loc":{"start":{"line":18,"column":25},"end":{"line":18,"column":49}},"line":18},"3":{"name":"(anonymous_3)","decl":{"start":{"line":23,"column":16},"end":{"line":23,"column":17}},"loc":{"start":{"line":23,"column":26},"end":{"line":62,"column":7}},"line":23},"4":{"name":"(anonymous_4)","decl":{"start":{"line":35,"column":23},"end":{"line":35,"column":29}},"loc":{"start":{"line":35,"column":29},"end":{"line":35,"column":null}},"line":35},"5":{"name":"(anonymous_5)","decl":{"start":{"line":46,"column":34},"end":{"line":46,"column":35}},"loc":{"start":{"line":47,"column":18},"end":{"line":49,"column":null}},"line":47}},"branchMap":{"0":{"loc":{"start":{"line":18,"column":25},"end":{"line":18,"column":49}},"type":"cond-expr","locations":[{"start":{"line":18,"column":39},"end":{"line":18,"column":46}},{"start":{"line":18,"column":46},"end":{"line":18,"column":49}}],"line":18},"1":{"loc":{"start":{"line":39,"column":33},"end":{"line":39,"column":null}},"type":"cond-expr","locations":[{"start":{"line":39,"column":42},"end":{"line":39,"column":54}},{"start":{"line":39,"column":54},"end":{"line":39,"column":null}}],"line":39}},"s":{"0":1,"1":1,"2":1,"3":1,"4":1,"5":0,"6":0,"7":1,"8":3,"9":3,"10":0,"11":9},"f":{"0":1,"1":0,"2":0,"3":3,"4":0,"5":9},"b":{"0":[0,0],"1":[0,3]},"meta":{"lastBranch":2,"lastFunction":6,"lastStatement":12,"seen":{"s:47:18:47:19":0,"s:1:18:1:Infinity":1,"s:14:48:65:Infinity":2,"f:14:48:14:49":0,"s:15:30:15:Infinity":3,"s:17:23:19:Infinity":4,"f:17:23:17:24":1,"s:18:4:18:Infinity":5,"f:18:14:18:15":2,"s:18:25:18:49":6,"b:18:39:18:46:18:46:18:49":0,"s:21:2:63:Infinity":7,"f:23:16:23:17":3,"s:24:23:24:Infinity":8,"s:26:8:60:Infinity":9,"f:35:23:35:29":4,"s:35:29:35:Infinity":10,"b:39:42:39:54:39:54:39:Infinity":1,"f:46:34:46:35":5,"s:47:18:49:Infinity":11}}}
,"C:\\Users\\s1119\\Desktop\\Interview Kit\\react-redux\\counter-app\\src\\stories\\headers\\Header.tsx": {"path":"C:\\Users\\s1119\\Desktop\\Interview Kit\\react-redux\\counter-app\\src\\stories\\headers\\Header.tsx","statementMap":{"0":{"start":{"line":27,"column":16},"end":{"line":27,"column":18}},"1":{"start":{"line":4,"column":23},"end":{"line":4,"column":null}},"2":{"start":{"line":18,"column":22},"end":{"line":39,"column":null}},"3":{"start":{"line":19,"column":30},"end":{"line":19,"column":null}},"4":{"start":{"line":20,"column":22},"end":{"line":22,"column":null}},"5":{"start":{"line":21,"column":4},"end":{"line":21,"column":null}},"6":{"start":{"line":23,"column":2},"end":{"line":38,"column":null}}},"fnMap":{"0":{"name":"(anonymous_0)","decl":{"start":{"line":4,"column":23},"end":{"line":4,"column":null}},"loc":{"start":{"line":4,"column":23},"end":{"line":4,"column":null}},"line":4},"1":{"name":"(anonymous_1)","decl":{"start":{"line":18,"column":22},"end":{"line":18,"column":23}},"loc":{"start":{"line":18,"column":51},"end":{"line":39,"column":null}},"line":18},"2":{"name":"(anonymous_2)","decl":{"start":{"line":20,"column":22},"end":{"line":20,"column":23}},"loc":{"start":{"line":20,"column":70},"end":{"line":22,"column":null}},"line":20},"3":{"name":"(anonymous_3)","decl":{"start":{"line":27,"column":48},"end":{"line":27,"column":52}},"loc":{"start":{"line":27,"column":52},"end":{"line":27,"column":56}},"line":27}},"branchMap":{"0":{"loc":{"start":{"line":4,"column":23},"end":{"line":4,"column":null}},"type":"cond-expr","locations":[{"start":{"line":4,"column":23},"end":{"line":4,"column":null}},{"start":{"line":4,"column":23},"end":{"line":4,"column":null}}],"line":4},"1":{"loc":{"start":{"line":4,"column":23},"end":{"line":4,"column":null}},"type":"binary-expr","locations":[{"start":{"line":4,"column":23},"end":{"line":4,"column":null}},{"start":{"line":4,"column":23},"end":{"line":4,"column":null}},{"start":{"line":4,"column":23},"end":{"line":4,"column":null}}],"line":4},"2":{"loc":{"start":{"line":27,"column":9},"end":{"line":27,"column":null}},"type":"cond-expr","locations":[{"start":{"line":27,"column":16},"end":{"line":27,"column":78}},{"start":{"line":27,"column":78},"end":{"line":27,"column":null}}],"line":27}},"s":{"0":1,"1":1,"2":1,"3":2,"4":2,"5":0,"6":2},"f":{"0":1,"1":2,"2":0,"3":0},"b":{"0":[1,1],"1":[1,1,0],"2":[1,1]},"meta":{"lastBranch":3,"lastFunction":4,"lastStatement":7,"seen":{"s:27:16:27:18":0,"s:4:23:4:Infinity":1,"f:4:23:4:Infinity":0,"b:4:23:4:Infinity:4:23:4:Infinity":0,"b:4:23:4:Infinity:4:23:4:Infinity:4:23:4:Infinity":1,"s:18:22:39:Infinity":2,"f:18:22:18:23":1,"s:19:30:19:Infinity":3,"s:20:22:22:Infinity":4,"f:20:22:20:23":2,"s:21:4:21:Infinity":5,"s:23:2:38:Infinity":6,"b:27:16:27:78:27:78:27:Infinity":2,"f:27:48:27:52":3}}}
,"C:\\Users\\s1119\\Desktop\\Interview Kit\\react-redux\\counter-app\\src\\stories\\headers\\header.css": {"path":"C:\\Users\\s1119\\Desktop\\Interview Kit\\react-redux\\counter-app\\src\\stories\\headers\\header.css","statementMap":{},"fnMap":{},"branchMap":{},"s":{},"f":{},"b":{},"meta":{"lastBranch":0,"lastFunction":0,"lastStatement":0,"seen":{}}}
,"C:\\Users\\s1119\\Desktop\\Interview Kit\\react-redux\\counter-app\\src\\stories\\sidebar\\Sidebar.tsx": {"path":"C:\\Users\\s1119\\Desktop\\Interview Kit\\react-redux\\counter-app\\src\\stories\\sidebar\\Sidebar.tsx","statementMap":{"0":{"start":{"line":22,"column":6},"end":{"line":22,"column":7}},"1":{"start":{"line":1,"column":18},"end":{"line":1,"column":null}},"2":{"start":{"line":11,"column":40},"end":{"line":25,"column":null}},"3":{"start":{"line":16,"column":2},"end":{"line":23,"column":null}}},"fnMap":{"0":{"name":"(anonymous_0)","decl":{"start":{"line":11,"column":40},"end":{"line":11,"column":41}},"loc":{"start":{"line":15,"column":6},"end":{"line":25,"column":null}},"line":15}},"branchMap":{"0":{"loc":{"start":{"line":13,"column":2},"end":{"line":13,"column":null}},"type":"default-arg","locations":[{"start":{"line":13,"column":11},"end":{"line":13,"column":null}}],"line":13}},"s":{"0":1,"1":1,"2":1,"3":2},"f":{"0":2},"b":{"0":[2]},"meta":{"lastBranch":1,"lastFunction":1,"lastStatement":4,"seen":{"s:22:6:22:7":0,"s:1:18:1:Infinity":1,"s:11:40:25:Infinity":2,"f:11:40:11:41":0,"b:13:11:13:Infinity":0,"s:16:2:23:Infinity":3}}}
,"C:\\Users\\s1119\\Desktop\\Interview Kit\\react-redux\\counter-app\\src\\ui\\components\\alert\\index.ts": {"path":"C:\\Users\\s1119\\Desktop\\Interview Kit\\react-redux\\counter-app\\src\\ui\\components\\alert\\index.ts","statementMap":{},"fnMap":{},"branchMap":{},"s":{},"f":{},"b":{},"meta":{"lastBranch":0,"lastFunction":0,"lastStatement":0,"seen":{}}}
,"C:\\Users\\s1119\\Desktop\\Interview Kit\\react-redux\\counter-app\\src\\ui\\components\\alert\\components\\Alert.tsx": {"path":"C:\\Users\\s1119\\Desktop\\Interview Kit\\react-redux\\counter-app\\src\\ui\\components\\alert\\components\\Alert.tsx","statementMap":{"0":{"start":{"line":33,"column":12},"end":{"line":33,"column":13}},"1":{"start":{"line":1,"column":18},"end":{"line":1,"column":null}},"2":{"start":{"line":14,"column":39},"end":{"line":41,"column":null}},"3":{"start":{"line":23,"column":2},"end":{"line":39,"column":null}}},"fnMap":{"0":{"name":"(anonymous_0)","decl":{"start":{"line":14,"column":39},"end":{"line":14,"column":40}},"loc":{"start":{"line":22,"column":6},"end":{"line":41,"column":null}},"line":22}},"branchMap":{"0":{"loc":{"start":{"line":16,"column":2},"end":{"line":16,"column":null}},"type":"default-arg","locations":[{"start":{"line":16,"column":12},"end":{"line":16,"column":null}}],"line":16},"1":{"loc":{"start":{"line":17,"column":2},"end":{"line":17,"column":null}},"type":"default-arg","locations":[{"start":{"line":17,"column":13},"end":{"line":17,"column":null}}],"line":17},"2":{"loc":{"start":{"line":19,"column":2},"end":{"line":19,"column":null}},"type":"default-arg","locations":[{"start":{"line":19,"column":14},"end":{"line":19,"column":null}}],"line":19},"3":{"loc":{"start":{"line":20,"column":2},"end":{"line":20,"column":null}},"type":"default-arg","locations":[{"start":{"line":20,"column":14},"end":{"line":20,"column":null}}],"line":20},"4":{"loc":{"start":{"line":27,"column":12},"end":{"line":27,"column":null}},"type":"cond-expr","locations":[{"start":{"line":27,"column":23},"end":{"line":27,"column":35}},{"start":{"line":27,"column":35},"end":{"line":27,"column":null}}],"line":27},"5":{"loc":{"start":{"line":31,"column":8},"end":{"line":35,"column":null}},"type":"cond-expr","locations":[{"start":{"line":32,"column":10},"end":{"line":34,"column":null}},{"start":{"line":35,"column":12},"end":{"line":35,"column":null}}],"line":31}},"s":{"0":1,"1":1,"2":1,"3":6},"f":{"0":6},"b":{"0":[6],"1":[6],"2":[6],"3":[6],"4":[6,0],"5":[6,0]},"meta":{"lastBranch":6,"lastFunction":1,"lastStatement":4,"seen":{"s:33:12:33:13":0,"s:1:18:1:Infinity":1,"s:14:39:41:Infinity":2,"f:14:39:14:40":0,"b:16:12:16:Infinity":0,"b:17:13:17:Infinity":1,"b:19:14:19:Infinity":2,"b:20:14:20:Infinity":3,"s:23:2:39:Infinity":3,"b:27:23:27:35:27:35:27:Infinity":4,"b:32:10:34:Infinity:35:12:35:Infinity":5}}}
,"C:\\Users\\s1119\\Desktop\\Interview Kit\\react-redux\\counter-app\\src\\ui\\components\\alert\\constants\\alert.constant.ts": {"path":"C:\\Users\\s1119\\Desktop\\Interview Kit\\react-redux\\counter-app\\src\\ui\\components\\alert\\constants\\alert.constant.ts","statementMap":{"0":{"start":{"line":1,"column":33},"end":{"line":1,"column":null}},"1":{"start":{"line":2,"column":33},"end":{"line":2,"column":null}}},"fnMap":{},"branchMap":{},"s":{"0":1,"1":1},"f":{},"b":{},"meta":{"lastBranch":0,"lastFunction":0,"lastStatement":2,"seen":{"s:1:33:1:Infinity":0,"s:2:33:2:Infinity":1}}}
,"C:\\Users\\s1119\\Desktop\\Interview Kit\\react-redux\\counter-app\\src\\ui\\components\\alert\\enums\\alert.enum.ts": {"path":"C:\\Users\\s1119\\Desktop\\Interview Kit\\react-redux\\counter-app\\src\\ui\\components\\alert\\enums\\alert.enum.ts","statementMap":{"0":{"start":{"line":1,"column":7},"end":{"line":1,"column":null}},"1":{"start":{"line":2,"column":2},"end":{"line":2,"column":null}},"2":{"start":{"line":3,"column":2},"end":{"line":3,"column":null}},"3":{"start":{"line":4,"column":2},"end":{"line":4,"column":null}},"4":{"start":{"line":5,"column":2},"end":{"line":5,"column":null}},"5":{"start":{"line":1,"column":12},"end":{"line":1,"column":null}}},"fnMap":{"0":{"name":"(anonymous_0)","decl":{"start":{"line":1,"column":7},"end":{"line":1,"column":12}},"loc":{"start":{"line":1,"column":7},"end":{"line":1,"column":null}},"line":1}},"branchMap":{"0":{"loc":{"start":{"line":1,"column":12},"end":{"line":1,"column":null}},"type":"binary-expr","locations":[{"start":{"line":1,"column":12},"end":{"line":1,"column":null}},{"start":{"line":1,"column":12},"end":{"line":1,"column":null}}],"line":1}},"s":{"0":1,"1":1,"2":1,"3":1,"4":1,"5":1},"f":{"0":1},"b":{"0":[1,1]},"meta":{"lastBranch":1,"lastFunction":1,"lastStatement":6,"seen":{"s:1:7:1:Infinity":0,"f:1:7:1:12":0,"s:2:2:2:Infinity":1,"s:3:2:3:Infinity":2,"s:4:2:4:Infinity":3,"s:5:2:5:Infinity":4,"s:1:12:1:Infinity":5,"b:1:12:1:Infinity:1:12:1:Infinity":0}}}
,"C:\\Users\\s1119\\Desktop\\Interview Kit\\react-redux\\counter-app\\src\\ui\\components\\alert\\interface\\alert.interface.ts": {"path":"C:\\Users\\s1119\\Desktop\\Interview Kit\\react-redux\\counter-app\\src\\ui\\components\\alert\\interface\\alert.interface.ts","statementMap":{"0":{"start":{"line":1,"column":26},"end":{"line":1,"column":null}}},"fnMap":{},"branchMap":{},"s":{"0":1},"f":{},"b":{},"meta":{"lastBranch":0,"lastFunction":0,"lastStatement":1,"seen":{"s:1:26:1:Infinity":0}}}
,"C:\\Users\\s1119\\Desktop\\Interview Kit\\react-redux\\counter-app\\src\\ui\\components\\alert\\styles\\alert.styles.ts": {"path":"C:\\Users\\s1119\\Desktop\\Interview Kit\\react-redux\\counter-app\\src\\ui\\components\\alert\\styles\\alert.styles.ts","statementMap":{"0":{"start":{"line":4,"column":26},"end":{"line":5,"column":null}},"1":{"start":{"line":4,"column":73},"end":{"line":5,"column":null}}},"fnMap":{"0":{"name":"(anonymous_0)","decl":{"start":{"line":4,"column":26},"end":{"line":4,"column":27}},"loc":{"start":{"line":4,"column":73},"end":{"line":5,"column":null}},"line":4}},"branchMap":{"0":{"loc":{"start":{"line":5,"column":11},"end":{"line":5,"column":38}},"type":"cond-expr","locations":[{"start":{"line":5,"column":23},"end":{"line":5,"column":32}},{"start":{"line":5,"column":32},"end":{"line":5,"column":38}}],"line":5}},"s":{"0":1,"1":6},"f":{"0":6},"b":{"0":[1,5]},"meta":{"lastBranch":1,"lastFunction":1,"lastStatement":2,"seen":{"s:4:26:5:Infinity":0,"f:4:26:4:27":0,"s:4:73:5:Infinity":1,"b:5:23:5:32:5:32:5:38":0}}}
,"C:\\Users\\s1119\\Desktop\\Interview Kit\\react-redux\\counter-app\\src\\ui\\components\\button\\index.ts": {"path":"C:\\Users\\s1119\\Desktop\\Interview Kit\\react-redux\\counter-app\\src\\ui\\components\\button\\index.ts","statementMap":{},"fnMap":{},"branchMap":{},"s":{},"f":{},"b":{},"meta":{"lastBranch":0,"lastFunction":0,"lastStatement":0,"seen":{}}}
,"C:\\Users\\s1119\\Desktop\\Interview Kit\\react-redux\\counter-app\\src\\ui\\components\\button\\components\\Button.tsx": {"path":"C:\\Users\\s1119\\Desktop\\Interview Kit\\react-redux\\counter-app\\src\\ui\\components\\button\\components\\Button.tsx","statementMap":{"0":{"start":{"line":18,"column":4},"end":{"line":18,"column":5}},"1":{"start":{"line":1,"column":18},"end":{"line":1,"column":null}},"2":{"start":{"line":8,"column":41},"end":{"line":29,"column":null}},"3":{"start":{"line":17,"column":2},"end":{"line":27,"column":null}}},"fnMap":{"0":{"name":"(anonymous_0)","decl":{"start":{"line":8,"column":41},"end":{"line":8,"column":42}},"loc":{"start":{"line":16,"column":6},"end":{"line":29,"column":null}},"line":16}},"branchMap":{"0":{"loc":{"start":{"line":10,"column":2},"end":{"line":10,"column":null}},"type":"default-arg","locations":[{"start":{"line":10,"column":12},"end":{"line":10,"column":null}}],"line":10},"1":{"loc":{"start":{"line":11,"column":2},"end":{"line":11,"column":null}},"type":"default-arg","locations":[{"start":{"line":11,"column":17},"end":{"line":11,"column":null}}],"line":11},"2":{"loc":{"start":{"line":13,"column":2},"end":{"line":13,"column":null}},"type":"default-arg","locations":[{"start":{"line":13,"column":13},"end":{"line":13,"column":null}}],"line":13},"3":{"loc":{"start":{"line":14,"column":2},"end":{"line":14,"column":null}},"type":"default-arg","locations":[{"start":{"line":14,"column":14},"end":{"line":14,"column":null}}],"line":14},"4":{"loc":{"start":{"line":24,"column":15},"end":{"line":24,"column":null}},"type":"cond-expr","locations":[{"start":{"line":24,"column":52},"end":{"line":24,"column":65}},{"start":{"line":24,"column":65},"end":{"line":24,"column":null}}],"line":24}},"s":{"0":1,"1":1,"2":1,"3":4},"f":{"0":4},"b":{"0":[4],"1":[4],"2":[4],"3":[4],"4":[1,3]},"meta":{"lastBranch":5,"lastFunction":1,"lastStatement":4,"seen":{"s:18:4:18:5":0,"s:1:18:1:Infinity":1,"s:8:41:29:Infinity":2,"f:8:41:8:42":0,"b:10:12:10:Infinity":0,"b:11:17:11:Infinity":1,"b:13:13:13:Infinity":2,"b:14:14:14:Infinity":3,"s:17:2:27:Infinity":3,"b:24:52:24:65:24:65:24:Infinity":4}}}
,"C:\\Users\\s1119\\Desktop\\Interview Kit\\react-redux\\counter-app\\src\\ui\\components\\button\\constants\\button.constant.ts": {"path":"C:\\Users\\s1119\\Desktop\\Interview Kit\\react-redux\\counter-app\\src\\ui\\components\\button\\constants\\button.constant.ts","statementMap":{"0":{"start":{"line":1,"column":30},"end":{"line":1,"column":null}},"1":{"start":{"line":3,"column":29},"end":{"line":16,"column":null}}},"fnMap":{},"branchMap":{},"s":{"0":1,"1":1},"f":{},"b":{},"meta":{"lastBranch":0,"lastFunction":0,"lastStatement":2,"seen":{"s:1:30:1:Infinity":0,"s:3:29:16:Infinity":1}}}
,"C:\\Users\\s1119\\Desktop\\Interview Kit\\react-redux\\counter-app\\src\\ui\\components\\button\\enums\\button.enum.ts": {"path":"C:\\Users\\s1119\\Desktop\\Interview Kit\\react-redux\\counter-app\\src\\ui\\components\\button\\enums\\button.enum.ts","statementMap":{"0":{"start":{"line":1,"column":29},"end":{"line":5,"column":null}}},"fnMap":{},"branchMap":{},"s":{"0":1},"f":{},"b":{},"meta":{"lastBranch":0,"lastFunction":0,"lastStatement":1,"seen":{"s:1:29:5:Infinity":0}}}
,"C:\\Users\\s1119\\Desktop\\Interview Kit\\react-redux\\counter-app\\src\\ui\\components\\button\\interface\\button.interface.ts": {"path":"C:\\Users\\s1119\\Desktop\\Interview Kit\\react-redux\\counter-app\\src\\ui\\components\\button\\interface\\button.interface.ts","statementMap":{"0":{"start":{"line":1,"column":45},"end":{"line":1,"column":null}}},"fnMap":{},"branchMap":{},"s":{"0":1},"f":{},"b":{},"meta":{"lastBranch":0,"lastFunction":0,"lastStatement":1,"seen":{"s:1:45:1:Infinity":0}}}
,"C:\\Users\\s1119\\Desktop\\Interview Kit\\react-redux\\counter-app\\src\\ui\\components\\button\\styles\\button.styles.ts": {"path":"C:\\Users\\s1119\\Desktop\\Interview Kit\\react-redux\\counter-app\\src\\ui\\components\\button\\styles\\button.styles.ts","statementMap":{"0":{"start":{"line":5,"column":27},"end":{"line":19,"column":null}},"1":{"start":{"line":9,"column":2},"end":{"line":19,"column":null}}},"fnMap":{"0":{"name":"(anonymous_0)","decl":{"start":{"line":5,"column":27},"end":{"line":5,"column":null}},"loc":{"start":{"line":9,"column":2},"end":{"line":19,"column":null}},"line":9}},"branchMap":{},"s":{"0":1,"1":4},"f":{"0":4},"b":{},"meta":{"lastBranch":0,"lastFunction":1,"lastStatement":2,"seen":{"s:5:27:19:Infinity":0,"f:5:27:5:Infinity":0,"s:9:2:19:Infinity":1}}}
,"C:\\Users\\s1119\\Desktop\\Interview Kit\\react-redux\\counter-app\\src\\ui\\components\\input\\index.ts": {"path":"C:\\Users\\s1119\\Desktop\\Interview Kit\\react-redux\\counter-app\\src\\ui\\components\\input\\index.ts","statementMap":{},"fnMap":{},"branchMap":{},"s":{},"f":{},"b":{},"meta":{"lastBranch":0,"lastFunction":0,"lastStatement":0,"seen":{}}}
,"C:\\Users\\s1119\\Desktop\\Interview Kit\\react-redux\\counter-app\\src\\ui\\components\\input\\components\\Input.tsx": {"path":"C:\\Users\\s1119\\Desktop\\Interview Kit\\react-redux\\counter-app\\src\\ui\\components\\input\\components\\Input.tsx","statementMap":{"0":{"start":{"line":21,"column":4},"end":{"line":21,"column":5}},"1":{"start":{"line":1,"column":18},"end":{"line":1,"column":null}},"2":{"start":{"line":8,"column":39},"end":{"line":35,"column":null}},"3":{"start":{"line":20,"column":2},"end":{"line":33,"column":null}}},"fnMap":{"0":{"name":"(anonymous_0)","decl":{"start":{"line":8,"column":39},"end":{"line":8,"column":40}},"loc":{"start":{"line":19,"column":6},"end":{"line":35,"column":null}},"line":19}},"branchMap":{"0":{"loc":{"start":{"line":11,"column":2},"end":{"line":11,"column":null}},"type":"default-arg","locations":[{"start":{"line":11,"column":16},"end":{"line":11,"column":null}}],"line":11},"1":{"loc":{"start":{"line":12,"column":2},"end":{"line":12,"column":null}},"type":"default-arg","locations":[{"start":{"line":12,"column":12},"end":{"line":12,"column":null}}],"line":12},"2":{"loc":{"start":{"line":14,"column":2},"end":{"line":14,"column":null}},"type":"default-arg","locations":[{"start":{"line":14,"column":13},"end":{"line":14,"column":null}}],"line":14},"3":{"loc":{"start":{"line":15,"column":2},"end":{"line":15,"column":null}},"type":"default-arg","locations":[{"start":{"line":15,"column":14},"end":{"line":15,"column":null}}],"line":15},"4":{"loc":{"start":{"line":16,"column":2},"end":{"line":16,"column":null}},"type":"default-arg","locations":[{"start":{"line":16,"column":10},"end":{"line":16,"column":null}}],"line":16}},"s":{"0":2,"1":2,"2":2,"3":4},"f":{"0":4},"b":{"0":[4],"1":[4],"2":[4],"3":[4],"4":[4]},"meta":{"lastBranch":5,"lastFunction":1,"lastStatement":4,"seen":{"s:21:4:21:5":0,"s:1:18:1:Infinity":1,"s:8:39:35:Infinity":2,"f:8:39:8:40":0,"b:11:16:11:Infinity":0,"b:12:12:12:Infinity":1,"b:14:13:14:Infinity":2,"b:15:14:15:Infinity":3,"b:16:10:16:Infinity":4,"s:20:2:33:Infinity":3}}}
,"C:\\Users\\s1119\\Desktop\\Interview Kit\\react-redux\\counter-app\\src\\ui\\components\\input\\components\\index.ts": {"path":"C:\\Users\\s1119\\Desktop\\Interview Kit\\react-redux\\counter-app\\src\\ui\\components\\input\\components\\index.ts","statementMap":{},"fnMap":{},"branchMap":{},"s":{},"f":{},"b":{},"meta":{"lastBranch":0,"lastFunction":0,"lastStatement":0,"seen":{}}}
,"C:\\Users\\s1119\\Desktop\\Interview Kit\\react-redux\\counter-app\\src\\ui\\components\\input\\constants\\input.constants.ts": {"path":"C:\\Users\\s1119\\Desktop\\Interview Kit\\react-redux\\counter-app\\src\\ui\\components\\input\\constants\\input.constants.ts","statementMap":{"0":{"start":{"line":1,"column":35},"end":{"line":1,"column":null}},"1":{"start":{"line":2,"column":28},"end":{"line":2,"column":null}}},"fnMap":{},"branchMap":{},"s":{"0":2,"1":2},"f":{},"b":{},"meta":{"lastBranch":0,"lastFunction":0,"lastStatement":2,"seen":{"s:1:35:1:Infinity":0,"s:2:28:2:Infinity":1}}}
,"C:\\Users\\s1119\\Desktop\\Interview Kit\\react-redux\\counter-app\\src\\ui\\components\\input\\enums\\input.enum.ts": {"path":"C:\\Users\\s1119\\Desktop\\Interview Kit\\react-redux\\counter-app\\src\\ui\\components\\input\\enums\\input.enum.ts","statementMap":{"0":{"start":{"line":1,"column":7},"end":{"line":1,"column":null}},"1":{"start":{"line":2,"column":2},"end":{"line":2,"column":null}},"2":{"start":{"line":3,"column":2},"end":{"line":3,"column":null}},"3":{"start":{"line":4,"column":2},"end":{"line":4,"column":null}},"4":{"start":{"line":1,"column":12},"end":{"line":1,"column":null}}},"fnMap":{"0":{"name":"(anonymous_0)","decl":{"start":{"line":1,"column":7},"end":{"line":1,"column":12}},"loc":{"start":{"line":1,"column":7},"end":{"line":1,"column":null}},"line":1}},"branchMap":{"0":{"loc":{"start":{"line":1,"column":12},"end":{"line":1,"column":null}},"type":"binary-expr","locations":[{"start":{"line":1,"column":12},"end":{"line":1,"column":null}},{"start":{"line":1,"column":12},"end":{"line":1,"column":null}}],"line":1}},"s":{"0":2,"1":2,"2":2,"3":2,"4":2},"f":{"0":2},"b":{"0":[2,2]},"meta":{"lastBranch":1,"lastFunction":1,"lastStatement":5,"seen":{"s:1:7:1:Infinity":0,"f:1:7:1:12":0,"s:2:2:2:Infinity":1,"s:3:2:3:Infinity":2,"s:4:2:4:Infinity":3,"s:1:12:1:Infinity":4,"b:1:12:1:Infinity:1:12:1:Infinity":0}}}
,"C:\\Users\\s1119\\Desktop\\Interview Kit\\react-redux\\counter-app\\src\\ui\\components\\input\\styles\\input.styles.ts": {"path":"C:\\Users\\s1119\\Desktop\\Interview Kit\\react-redux\\counter-app\\src\\ui\\components\\input\\styles\\input.styles.ts","statementMap":{"0":{"start":{"line":4,"column":26},"end":{"line":18,"column":null}},"1":{"start":{"line":4,"column":53},"end":{"line":18,"column":null}}},"fnMap":{"0":{"name":"(anonymous_0)","decl":{"start":{"line":4,"column":26},"end":{"line":4,"column":27}},"loc":{"start":{"line":4,"column":53},"end":{"line":18,"column":null}},"line":4}},"branchMap":{"0":{"loc":{"start":{"line":11,"column":4},"end":{"line":12,"column":null}},"type":"binary-expr","locations":[{"start":{"line":11,"column":4},"end":{"line":11,"column":null}},{"start":{"line":12,"column":2},"end":{"line":12,"column":null}}],"line":11}},"s":{"0":2,"1":4},"f":{"0":4},"b":{"0":[4,3]},"meta":{"lastBranch":1,"lastFunction":1,"lastStatement":2,"seen":{"s:4:26:18:Infinity":0,"f:4:26:4:27":0,"s:4:53:18:Infinity":1,"b:11:4:11:Infinity:12:2:12:Infinity":0}}}
,"C:\\Users\\s1119\\Desktop\\Interview Kit\\react-redux\\counter-app\\src\\ui\\components\\tabs\\Tabs.tsx": {"path":"C:\\Users\\s1119\\Desktop\\Interview Kit\\react-redux\\counter-app\\src\\ui\\components\\tabs\\Tabs.tsx","statementMap":{"0":{"start":{"line":23,"column":26},"end":{"line":23,"column":27}},"1":{"start":{"line":1,"column":23},"end":{"line":1,"column":null}},"2":{"start":{"line":13,"column":47},"end":{"line":13,"column":null}},"3":{"start":{"line":15,"column":2},"end":{"line":24,"column":null}},"4":{"start":{"line":29,"column":2},"end":{"line":32,"column":null}},"5":{"start":{"line":36,"column":28},"end":{"line":36,"column":null}},"6":{"start":{"line":38,"column":23},"end":{"line":40,"column":null}},"7":{"start":{"line":39,"column":4},"end":{"line":39,"column":null}},"8":{"start":{"line":42,"column":2},"end":{"line":56,"column":null}}},"fnMap":{"0":{"name":"(anonymous_0)","decl":{"start":{"line":1,"column":23},"end":{"line":1,"column":null}},"loc":{"start":{"line":1,"column":23},"end":{"line":1,"column":null}},"line":1},"1":{"name":"CustomTabPanel","decl":{"start":{"line":12,"column":9},"end":{"line":12,"column":24}},"loc":{"start":{"line":12,"column":46},"end":{"line":26,"column":null}},"line":12},"2":{"name":"a11yProps","decl":{"start":{"line":28,"column":9},"end":{"line":28,"column":19}},"loc":{"start":{"line":28,"column":34},"end":{"line":33,"column":null}},"line":28},"3":{"name":"BasicTabs","decl":{"start":{"line":35,"column":24},"end":{"line":35,"column":36}},"loc":{"start":{"line":35,"column":36},"end":{"line":58,"column":null}},"line":35},"4":{"name":"(anonymous_4)","decl":{"start":{"line":38,"column":23},"end":{"line":38,"column":24}},"loc":{"start":{"line":38,"column":74},"end":{"line":40,"column":null}},"line":38}},"branchMap":{"0":{"loc":{"start":{"line":1,"column":23},"end":{"line":1,"column":null}},"type":"cond-expr","locations":[{"start":{"line":1,"column":23},"end":{"line":1,"column":null}},{"start":{"line":1,"column":23},"end":{"line":1,"column":null}}],"line":1},"1":{"loc":{"start":{"line":1,"column":23},"end":{"line":1,"column":null}},"type":"binary-expr","locations":[{"start":{"line":1,"column":23},"end":{"line":1,"column":null}},{"start":{"line":1,"column":23},"end":{"line":1,"column":null}},{"start":{"line":1,"column":23},"end":{"line":1,"column":null}}],"line":1},"2":{"loc":{"start":{"line":23,"column":7},"end":{"line":23,"column":null}},"type":"binary-expr","locations":[{"start":{"line":23,"column":7},"end":{"line":23,"column":26}},{"start":{"line":23,"column":26},"end":{"line":23,"column":null}}],"line":23}},"s":{"0":2,"1":2,"2":8,"3":8,"4":8,"5":4,"6":4,"7":0,"8":4},"f":{"0":2,"1":8,"2":8,"3":4,"4":0},"b":{"0":[2,2],"1":[2,2,0],"2":[8,4]},"meta":{"lastBranch":3,"lastFunction":5,"lastStatement":9,"seen":{"s:23:26:23:27":0,"s:1:23:1:Infinity":1,"f:1:23:1:Infinity":0,"b:1:23:1:Infinity:1:23:1:Infinity":0,"b:1:23:1:Infinity:1:23:1:Infinity:1:23:1:Infinity":1,"f:12:9:12:24":1,"s:13:47:13:Infinity":2,"s:15:2:24:Infinity":3,"b:23:7:23:26:23:26:23:Infinity":2,"f:28:9:28:19":2,"s:29:2:32:Infinity":4,"f:35:24:35:36":3,"s:36:28:36:Infinity":5,"s:38:23:40:Infinity":6,"f:38:23:38:24":4,"s:39:4:39:Infinity":7,"s:42:2:56:Infinity":8}}}
,"C:\\Users\\s1119\\Desktop\\Interview Kit\\react-redux\\counter-app\\src\\ui\\components\\tabs\\index.ts": {"path":"C:\\Users\\s1119\\Desktop\\Interview Kit\\react-redux\\counter-app\\src\\ui\\components\\tabs\\index.ts","statementMap":{},"fnMap":{},"branchMap":{},"s":{},"f":{},"b":{},"meta":{"lastBranch":0,"lastFunction":0,"lastStatement":0,"seen":{}}}
}
